<?xml version="1.0" encoding="UTF-8"?>
<!-- Generated by org.testng.reporters.JUnitXMLReporter -->
<testsuite hostname="user-PC" ignored="0" name="Test" tests="3" failures="1" timestamp="27 Apr 2020 01:41:18 GMT" time="24.626" errors="0">
  <testcase name="logoPresence" time="0.717" classname="allureReports.Tests"/>
  <testcase name="loginTest" time="7.694" classname="allureReports.Tests">
    <failure type="java.lang.AssertionError" message="expected [nopCommerce demo store123] but found [nopCommerce demo store]">
      <![CDATA[java.lang.AssertionError: expected [nopCommerce demo store123] but found [nopCommerce demo store]
	at allureReports.Tests.loginTest(Tests.java:60)
... Removed 31 stack frames]]>
    </failure>
  </testcase> <!-- loginTest -->
  <testcase name="registrationTest" time="0.071" classname="allureReports.Tests">
    <skipped/>
  </testcase> <!-- registrationTest -->
</testsuite> <!-- Test -->
